<?xml version="1.0" encoding="UTF-8"?>
<testng-results skipped="0" failed="0" ignored="0" total="2" passed="2">
  <reporter-output>
  </reporter-output>
  <suite name="Default suite" duration-ms="282" started-at="2022-10-19T10:34:43Z" finished-at="2022-10-19T10:34:43Z">
    <groups>
      <group name="cucumber">
        <method signature="AbstractTestNGCucumberTests.feature(cucumber.api.testng.CucumberFeatureWrapper)[pri:0, instance:com.api.cucumber.runner.PostTestNgRunner@2b6faea6]" name="feature" class="cucumber.api.testng.AbstractTestNGCucumberTests"/>
      </group> <!-- cucumber -->
    </groups>
    <test name="Default test" duration-ms="282" started-at="2022-10-19T10:34:43Z" finished-at="2022-10-19T10:34:43Z">
      <class name="com.api.cucumber.runner.PostTestNgRunner">
        <test-method status="PASS" signature="setUpClass()[pri:0, instance:com.api.cucumber.runner.PostTestNgRunner@2b6faea6]" name="setUpClass" is-config="true" duration-ms="113" started-at="2022-10-19T16:04:43Z" finished-at="2022-10-19T16:04:43Z">
          <reporter-output>
          </reporter-output>
        </test-method> <!-- setUpClass -->
        <test-method status="PASS" signature="feature(cucumber.api.testng.CucumberFeatureWrapper)[pri:0, instance:com.api.cucumber.runner.PostTestNgRunner@2b6faea6]" name="feature" duration-ms="101" started-at="2022-10-19T16:04:43Z" description="Runs Cucumber Feature" data-provider="features" finished-at="2022-10-19T16:04:43Z">
          <params>
            <param index="0">
              <value>
                <![CDATA[User Login Feature]]>
              </value>
            </param>
          </params>
          <reporter-output>
          </reporter-output>
        </test-method> <!-- feature -->
        <test-method status="PASS" signature="feature(cucumber.api.testng.CucumberFeatureWrapper)[pri:0, instance:com.api.cucumber.runner.PostTestNgRunner@2b6faea6]" name="feature" duration-ms="12" started-at="2022-10-19T16:04:43Z" description="Runs Cucumber Feature" data-provider="features" finished-at="2022-10-19T16:04:43Z">
          <params>
            <param index="0">
              <value>
                <![CDATA[Post feature of facebook]]>
              </value>
            </param>
          </params>
          <reporter-output>
          </reporter-output>
        </test-method> <!-- feature -->
        <test-method status="PASS" signature="tearDownClass()[pri:0, instance:com.api.cucumber.runner.PostTestNgRunner@2b6faea6]" name="tearDownClass" is-config="true" duration-ms="7" started-at="2022-10-19T16:04:43Z" finished-at="2022-10-19T16:04:43Z">
          <reporter-output>
          </reporter-output>
        </test-method> <!-- tearDownClass -->
      </class> <!-- com.api.cucumber.runner.PostTestNgRunner -->
    </test> <!-- Default test -->
  </suite> <!-- Default suite -->
</testng-results>
